app/build/outputs/logs/manifest-merger-debug-report.txt
-- Merging decision tree log ---
manifest
ADDED from src\main\AndroidManifest.xml:2:1-63:12
INJECTED from src\main\AndroidManifest.xml:2:1-63:12
INJECTED from src\main\AndroidManifest.xml:2:1-63:12
INJECTED from src\main\AndroidManifest.xml:2:1-63:12
MERGED from [com.android.support:multidex:1.0.2] AndroidManifest.xml:17:1-22:12
MERGED from [com.github.bumptech.glide:glide:4.9.0] AndroidManifest.xml:2:1-12:12
MERGED from [com.android.support:design:28.0.0] AndroidManifest.xml:17:1-24:12
MERGED from [com.google.firebase:firebase-inappmessaging-display:17.1.1] AndroidManifest.xml:2:1-22:12
MERGED from [com.google.dagger:dagger-android-support:2.13] AndroidManifest.xml:16:1-19:12
MERGED from [com.android.support:appcompat-v7:28.0.0] AndroidManifest.xml:17:1-22:12
MERGED from [com.android.support:animated-vector-drawable:28.0.0] AndroidManifest.xml:17:1-22:12
MERGED from [com.google.firebase:firebase-database:16.1.0] AndroidManifest.xml:15:1-36:12
MERGED from [com.google.firebase:firebase-storage:16.0.1] AndroidManifest.xml:2:1-7:12
MERGED from [com.google.firebase:firebase-auth:16.1.0] AndroidManifest.xml:17:1-42:12
MERGED from [com.google.android.gms:play-services-flags:16.0.1] AndroidManifest.xml:17:1-22:12
MERGED from [com.google.firebase:firebase-auth-interop:16.0.1] AndroidManifest.xml:2:1-10:12
MERGED from [com.google.firebase:firebase-inappmessaging:17.1.1] AndroidManifest.xml:2:1-21:12
MERGED from [com.google.android.gms:play-services-clearcut:16.0.0] AndroidManifest.xml:17:1-24:12
MERGED from [com.google.android.gms:play-services-phenotype:16.0.0] AndroidManifest.xml:17:1-24:12
MERGED from [com.google.firebase:firebase-core:16.0.7] AndroidManifest.xml:2:1-9:12
MERGED from [com.google.firebase:firebase-measurement-connector-impl:17.0.5] AndroidManifest.xml:17:1-34:12
MERGED from [com.google.firebase:firebase-analytics:16.3.0] AndroidManifest.xml:17:1-55:12
MERGED from [com.google.android.gms:play-services-measurement-api:16.3.0] AndroidManifest.xml:17:1-25:12
MERGED from [com.google.firebase:firebase-analytics-impl:16.3.0] AndroidManifest.xml:17:1-40:12
MERGED from [com.google.firebase:firebase-iid:17.0.3] AndroidManifest.xml:17:1-59:12
MERGED from [com.google.firebase:firebase-iid-interop:16.0.1] AndroidManifest.xml:2:1-10:12
MERGED from [com.google.android.gms:play-services-base:16.0.1] AndroidManifest.xml:17:1-29:12
MERGED from [com.google.firebase:firebase-common:16.1.0] AndroidManifest.xml:2:1-19:12
MERGED from [com.google.android.gms:play-services-tasks:16.0.1] AndroidManifest.xml:2:1-9:12
MERGED from [com.google.firebase:firebase-storage-common:16.0.1] AndroidManifest.xml:2:1-10:12
MERGED from [com.google.android.gms:play-services-measurement-base:16.3.0] AndroidManifest.xml:2:1-9:12
MERGED from [com.google.android.gms:play-services-stats:16.0.1] AndroidManifest.xml:2:1-9:12
MERGED from [com.google.firebase:firebase-measurement-connector:17.0.1] AndroidManifest.xml:17:1-25:12
MERGED from [com.google.android.gms:play-services-ads-identifier:16.0.0] AndroidManifest.xml:17:1-24:12
MERGED from [com.google.android.gms:play-services-basement:16.1.0] AndroidManifest.xml:17:1-28:12
MERGED from [com.android.support:support-v4:26.1.0] AndroidManifest.xml:17:1-31:12
MERGED from [com.android.support:support-media-compat:28.0.0] AndroidManifest.xml:17:1-22:12
MERGED from [com.android.support:support-vector-drawable:28.0.0] AndroidManifest.xml:17:1-22:12
MERGED from [com.android.support:recyclerview-v7:28.0.0] AndroidManifest.xml:17:1-22:12
MERGED from [com.android.support:support-fragment:28.0.0] AndroidManifest.xml:17:1-22:12
MERGED from [com.android.support:customtabs:27.1.1] AndroidManifest.xml:17:1-22:12
MERGED from [com.android.support:support-core-ui:28.0.0] AndroidManifest.xml:17:1-22:12
MERGED from [com.android.support:support-core-utils:28.0.0] AndroidManifest.xml:17:1-22:12
MERGED from [com.android.support.constraint:constraint-layout:1.1.3] AndroidManifest.xml:2:1-11:12
MERGED from [com.android.support:loader:28.0.0] AndroidManifest.xml:17:1-22:12
MERGED from [com.android.support:transition:28.0.0] AndroidManifest.xml:17:1-22:12
MERGED from [com.android.support:viewpager:28.0.0] AndroidManifest.xml:17:1-22:12
MERGED from [com.android.support:coordinatorlayout:28.0.0] AndroidManifest.xml:17:1-22:12
MERGED from [com.android.support:drawerlayout:28.0.0] AndroidManifest.xml:17:1-22:12
MERGED from [com.android.support:slidingpanelayout:28.0.0] AndroidManifest.xml:17:1-22:12
MERGED from [com.android.support:customview:28.0.0] AndroidManifest.xml:17:1-22:12
MERGED from [com.android.support:swiperefreshlayout:28.0.0] AndroidManifest.xml:17:1-22:12
MERGED from [com.android.support:asynclayoutinflater:28.0.0] AndroidManifest.xml:17:1-22:12
MERGED from [com.android.support:support-compat:28.0.0] AndroidManifest.xml:17:1-24:12
MERGED from [com.android.support:versionedparcelable:28.0.0] AndroidManifest.xml:17:1-25:12
MERGED from [com.github.bumptech.glide:gifdecoder:4.9.0] AndroidManifest.xml:2:1-11:12
MERGED from [com.android.support:documentfile:28.0.0] AndroidManifest.xml:17:1-22:12
MERGED from [com.android.support:localbroadcastmanager:28.0.0] AndroidManifest.xml:17:1-22:12
MERGED from [com.android.support:print:28.0.0] AndroidManifest.xml:17:1-22:12
MERGED from [com.android.support:cursoradapter:28.0.0] AndroidManifest.xml:17:1-22:12
MERGED from [com.android.support:cardview-v7:28.0.0] AndroidManifest.xml:17:1-22:12
MERGED from [com.android.support:interpolator:28.0.0] AndroidManifest.xml:17:1-22:12
MERGED from [android.arch.lifecycle:runtime:1.1.1] AndroidManifest.xml:17:1-22:12
MERGED from [android.arch.lifecycle:viewmodel:1.1.1] AndroidManifest.xml:17:1-22:12
MERGED from [com.google.dagger:dagger-android:2.13] AndroidManifest.xml:16:1-19:12
MERGED from [android.arch.lifecycle:livedata:1.1.1] AndroidManifest.xml:17:1-22:12
MERGED from [android.arch.lifecycle:livedata-core:1.1.1] AndroidManifest.xml:17:1-22:12
MERGED from [android.arch.core:runtime:1.1.1] AndroidManifest.xml:17:1-22:12
MERGED from [com.github.stanwood:BottomNavigationViewEx:41e335d] AndroidManifest.xml:2:1-14:12
MERGED from [de.hdodenhof:circleimageview:3.0.0] AndroidManifest.xml:2:1-11:12
MERGED from [com.google.firebase:firebase-database-collection:16.0.1] AndroidManifest.xml:2:1-7:12
MERGED from [com.google.firebase:protolite-well-known-types:16.0.1] AndroidManifest.xml:2:1-11:12
MERGED from [io.reactivex.rxjava2:rxandroid:2.0.2] AndroidManifest.xml:15:1-21:12
INJECTED from src\main\AndroidManifest.xml:2:1-63:12
INJECTED from src\main\AndroidManifest.xml:2:1-63:12
INJECTED from src\main\AndroidManifest.xml:2:1-63:12
	package
		ADDED from src\main\AndroidManifest.xml:3:5-28
		INJECTED from src\main\AndroidManifest.xml
		INJECTED from src\main\AndroidManifest.xml
	android:versionName
		INJECTED from src\main\AndroidManifest.xml
		ADDED from src\main\AndroidManifest.xml:2:1-63:12
		INJECTED from src\main\AndroidManifest.xml
	android:versionCode
		INJECTED from src\main\AndroidManifest.xml
		ADDED from src\main\AndroidManifest.xml:2:1-63:12
		INJECTED from src\main\AndroidManifest.xml
	xmlns:android
		ADDED from src\main\AndroidManifest.xml:2:11-69
uses-permission#android.permission.INTERNET
ADDED from src\main\AndroidManifest.xml:5:5-67
MERGED from [com.google.firebase:firebase-inappmessaging-display:17.1.1] AndroidManifest.xml:12:5-67
MERGED from [com.google.firebase:firebase-inappmessaging-display:17.1.1] AndroidManifest.xml:12:5-67
MERGED from [com.google.firebase:firebase-database:16.1.0] AndroidManifest.xml:26:5-67
MERGED from [com.google.firebase:firebase-database:16.1.0] AndroidManifest.xml:26:5-67
MERGED from [com.google.firebase:firebase-inappmessaging:17.1.1] AndroidManifest.xml:11:5-67
MERGED from [com.google.firebase:firebase-inappmessaging:17.1.1] AndroidManifest.xml:11:5-67
MERGED from [com.google.firebase:firebase-measurement-connector-impl:17.0.5] AndroidManifest.xml:22:5-67
MERGED from [com.google.firebase:firebase-measurement-connector-impl:17.0.5] AndroidManifest.xml:22:5-67
MERGED from [com.google.firebase:firebase-analytics:16.3.0] AndroidManifest.xml:23:5-67
MERGED from [com.google.firebase:firebase-analytics:16.3.0] AndroidManifest.xml:23:5-67
MERGED from [com.google.firebase:firebase-analytics-impl:16.3.0] AndroidManifest.xml:23:5-67
MERGED from [com.google.firebase:firebase-analytics-impl:16.3.0] AndroidManifest.xml:23:5-67
MERGED from [com.google.firebase:firebase-iid:17.0.3] AndroidManifest.xml:23:5-67
MERGED from [com.google.firebase:firebase-iid:17.0.3] AndroidManifest.xml:23:5-67
MERGED from [com.google.firebase:firebase-storage-common:16.0.1] AndroidManifest.xml:8:5-67
MERGED from [com.google.firebase:firebase-storage-common:16.0.1] AndroidManifest.xml:8:5-67
	android:name
		ADDED from src\main\AndroidManifest.xml:5:22-64
uses-permission#android.permission.READ_EXTERNAL_STORAGE
ADDED from src\main\AndroidManifest.xml:6:5-80
	android:name
		ADDED from src\main\AndroidManifest.xml:6:22-77
uses-permission#android.permission.WRITE_EXTERNAL_STORAGE
ADDED from src\main\AndroidManifest.xml:10:5-81
	android:name
		ADDED from src\main\AndroidManifest.xml:10:22-78
application
ADDED from src\main\AndroidManifest.xml:13:5-61:19
MERGED from [com.github.bumptech.glide:glide:4.9.0] AndroidManifest.xml:10:5-20
MERGED from [com.github.bumptech.glide:glide:4.9.0] AndroidManifest.xml:10:5-20
MERGED from [com.android.support:design:28.0.0] AndroidManifest.xml:22:5-20
MERGED from [com.android.support:design:28.0.0] AndroidManifest.xml:22:5-20
MERGED from [com.google.firebase:firebase-inappmessaging-display:17.1.1] AndroidManifest.xml:14:5-20:19
MERGED from [com.google.firebase:firebase-inappmessaging-display:17.1.1] AndroidManifest.xml:14:5-20:19
MERGED from [com.google.firebase:firebase-database:16.1.0] AndroidManifest.xml:28:5-34:19
MERGED from [com.google.firebase:firebase-database:16.1.0] AndroidManifest.xml:28:5-34:19
MERGED from [com.google.firebase:firebase-auth:16.1.0] AndroidManifest.xml:23:5-40:19
MERGED from [com.google.firebase:firebase-auth:16.1.0] AndroidManifest.xml:23:5-40:19
MERGED from [com.google.firebase:firebase-auth-interop:16.0.1] AndroidManifest.xml:7:5-8:19
MERGED from [com.google.firebase:firebase-auth-interop:16.0.1] AndroidManifest.xml:7:5-8:19
MERGED from [com.google.firebase:firebase-inappmessaging:17.1.1] AndroidManifest.xml:13:5-19:19
MERGED from [com.google.firebase:firebase-inappmessaging:17.1.1] AndroidManifest.xml:13:5-19:19
MERGED from [com.google.android.gms:play-services-clearcut:16.0.0] AndroidManifest.xml:22:5-20
MERGED from [com.google.android.gms:play-services-clearcut:16.0.0] AndroidManifest.xml:22:5-20
MERGED from [com.google.android.gms:play-services-phenotype:16.0.0] AndroidManifest.xml:22:5-20
MERGED from [com.google.android.gms:play-services-phenotype:16.0.0] AndroidManifest.xml:22:5-20
MERGED from [com.google.firebase:firebase-core:16.0.7] AndroidManifest.xml:7:5-20
MERGED from [com.google.firebase:firebase-core:16.0.7] AndroidManifest.xml:7:5-20
MERGED from [com.google.firebase:firebase-measurement-connector-impl:17.0.5] AndroidManifest.xml:26:5-32:19
MERGED from [com.google.firebase:firebase-measurement-connector-impl:17.0.5] AndroidManifest.xml:26:5-32:19
MERGED from [com.google.firebase:firebase-analytics:16.3.0] AndroidManifest.xml:28:5-53:19
MERGED from [com.google.firebase:firebase-analytics:16.3.0] AndroidManifest.xml:28:5-53:19
MERGED from [com.google.android.gms:play-services-measurement-api:16.3.0] AndroidManifest.xml:22:5-23:19
MERGED from [com.google.android.gms:play-services-measurement-api:16.3.0] AndroidManifest.xml:22:5-23:19
MERGED from [com.google.firebase:firebase-analytics-impl:16.3.0] AndroidManifest.xml:28:5-38:19
MERGED from [com.google.firebase:firebase-analytics-impl:16.3.0] AndroidManifest.xml:28:5-38:19
MERGED from [com.google.firebase:firebase-iid:17.0.3] AndroidManifest.xml:28:5-57:19
MERGED from [com.google.firebase:firebase-iid:17.0.3] AndroidManifest.xml:28:5-57:19
MERGED from [com.google.firebase:firebase-iid-interop:16.0.1] AndroidManifest.xml:7:5-8:19
MERGED from [com.google.firebase:firebase-iid-interop:16.0.1] AndroidManifest.xml:7:5-8:19
MERGED from [com.google.android.gms:play-services-base:16.0.1] AndroidManifest.xml:22:5-27:19
MERGED from [com.google.android.gms:play-services-base:16.0.1] AndroidManifest.xml:22:5-27:19
MERGED from [com.google.firebase:firebase-common:16.1.0] AndroidManifest.xml:11:5-17:19
MERGED from [com.google.firebase:firebase-common:16.1.0] AndroidManifest.xml:11:5-17:19
MERGED from [com.google.android.gms:play-services-tasks:16.0.1] AndroidManifest.xml:7:5-20
MERGED from [com.google.android.gms:play-services-tasks:16.0.1] AndroidManifest.xml:7:5-20
MERGED from [com.google.android.gms:play-services-measurement-base:16.3.0] AndroidManifest.xml:7:5-20
MERGED from [com.google.android.gms:play-services-measurement-base:16.3.0] AndroidManifest.xml:7:5-20
MERGED from [com.google.android.gms:play-services-stats:16.0.1] AndroidManifest.xml:7:5-20
MERGED from [com.google.android.gms:play-services-stats:16.0.1] AndroidManifest.xml:7:5-20
MERGED from [com.google.firebase:firebase-measurement-connector:17.0.1] AndroidManifest.xml:22:5-23:19
MERGED from [com.google.firebase:firebase-measurement-connector:17.0.1] AndroidManifest.xml:22:5-23:19
MERGED from [com.google.android.gms:play-services-ads-identifier:16.0.0] AndroidManifest.xml:22:5-20
MERGED from [com.google.android.gms:play-services-ads-identifier:16.0.0] AndroidManifest.xml:22:5-20
MERGED from [com.google.android.gms:play-services-basement:16.1.0] AndroidManifest.xml:22:5-26:19
MERGED from [com.google.android.gms:play-services-basement:16.1.0] AndroidManifest.xml:22:5-26:19
MERGED from [com.android.support:support-v4:26.1.0] AndroidManifest.xml:25:5-29:19
MERGED from [com.android.support:support-v4:26.1.0] AndroidManifest.xml:25:5-29:19
MERGED from [com.android.support.constraint:constraint-layout:1.1.3] AndroidManifest.xml:9:5-20
MERGED from [com.android.support.constraint:constraint-layout:1.1.3] AndroidManifest.xml:9:5-20
MERGED from [com.android.support:support-compat:28.0.0] AndroidManifest.xml:22:5-94
MERGED from [com.android.support:support-compat:28.0.0] AndroidManifest.xml:22:5-94
MERGED from [com.android.support:versionedparcelable:28.0.0] AndroidManifest.xml:22:5-23:19
MERGED from [com.android.support:versionedparcelable:28.0.0] AndroidManifest.xml:22:5-23:19
MERGED from [com.github.bumptech.glide:gifdecoder:4.9.0] AndroidManifest.xml:9:5-20
MERGED from [com.github.bumptech.glide:gifdecoder:4.9.0] AndroidManifest.xml:9:5-20
MERGED from [com.github.stanwood:BottomNavigationViewEx:41e335d] AndroidManifest.xml:11:5-12:19
MERGED from [com.github.stanwood:BottomNavigationViewEx:41e335d] AndroidManifest.xml:11:5-12:19
MERGED from [de.hdodenhof:circleimageview:3.0.0] AndroidManifest.xml:9:5-20
MERGED from [de.hdodenhof:circleimageview:3.0.0] AndroidManifest.xml:9:5-20
	android:appComponentFactory
		ADDED from [com.android.support:support-compat:28.0.0] AndroidManifest.xml:22:18-91
	android:supportsRtl
		ADDED from src\main\AndroidManifest.xml:18:9-35
	android:label
		ADDED from src\main\AndroidManifest.xml:16:9-41
	android:roundIcon
		ADDED from src\main\AndroidManifest.xml:17:9-54
	android:icon
		ADDED from src\main\AndroidManifest.xml:15:9-43
	android:allowBackup
		ADDED from src\main\AndroidManifest.xml:14:9-35
	android:theme
		ADDED from src\main\AndroidManifest.xml:19:9-40
activity#com.test.safs.Home.HomeActivity
ADDED from src\main\AndroidManifest.xml:20:9-23:61
	android:label
		ADDED from src\main\AndroidManifest.xml:22:13-56
	android:theme
		ADDED from src\main\AndroidManifest.xml:23:13-49
	android:name
		ADDED from src\main\AndroidManifest.xml:21:13-46
activity#com.test.safs.Engage.EngageActivity
ADDED from src\main\AndroidManifest.xml:24:9-26:52
	android:theme
		ADDED from src\main\AndroidManifest.xml:26:13-49
	android:name
		ADDED from src\main\AndroidManifest.xml:25:13-50
activity#com.test.safs.Profile.ProfileActivity
ADDED from src\main\AndroidManifest.xml:27:9-29:52
	android:theme
		ADDED from src\main\AndroidManifest.xml:29:13-49
	android:name
		ADDED from src\main\AndroidManifest.xml:28:13-52
activity#com.test.safs.Profile.EditProfileActivity
ADDED from src\main\AndroidManifest.xml:30:9-32:61
	android:theme
		ADDED from src\main\AndroidManifest.xml:32:13-49
	android:name
		ADDED from src\main\AndroidManifest.xml:31:13-56
activity#com.test.safs.Profile.UserProfile
ADDED from src\main\AndroidManifest.xml:33:9-35:52
	android:theme
		ADDED from src\main\AndroidManifest.xml:35:13-49
	android:name
		ADDED from src\main\AndroidManifest.xml:34:13-48
activity#com.test.safs.Home.CreateActivity
ADDED from src\main\AndroidManifest.xml:36:9-39:52
	android:parentActivityName
		ADDED from src\main\AndroidManifest.xml:38:13-60
	android:theme
		ADDED from src\main\AndroidManifest.xml:39:13-49
	android:name
		ADDED from src\main\AndroidManifest.xml:37:13-48
activity#com.test.safs.ChooseSports
ADDED from src\main\AndroidManifest.xml:40:9-42:52
	android:theme
		ADDED from src\main\AndroidManifest.xml:42:13-49
	android:name
		ADDED from src\main\AndroidManifest.xml:41:13-41
activity#com.test.safs.LoginActivity
ADDED from src\main\AndroidManifest.xml:43:9-52:20
	android:noHistory
		ADDED from src\main\AndroidManifest.xml:45:13-37
	android:theme
		ADDED from src\main\AndroidManifest.xml:46:13-49
	android:name
		ADDED from src\main\AndroidManifest.xml:44:13-42
intent-filter#action:name:android.intent.action.MAIN+category:name:android.intent.category.LAUNCHER
ADDED from src\main\AndroidManifest.xml:47:13-51:29
action#android.intent.action.MAIN
ADDED from src\main\AndroidManifest.xml:48:17-69
	android:name
		ADDED from src\main\AndroidManifest.xml:48:25-66
category#android.intent.category.LAUNCHER
ADDED from src\main\AndroidManifest.xml:50:17-77
	android:name
		ADDED from src\main\AndroidManifest.xml:50:27-74
activity#com.test.safs.SignupActivity
ADDED from src\main\AndroidManifest.xml:53:9-56:52
	android:parentActivityName
		ADDED from src\main\AndroidManifest.xml:55:13-56
	android:theme
		ADDED from src\main\AndroidManifest.xml:56:13-49
	android:name
		ADDED from src\main\AndroidManifest.xml:54:13-43
activity#com.test.safs.Home.OpenActivity
ADDED from src\main\AndroidManifest.xml:57:9-58:51
	android:theme
		ADDED from src\main\AndroidManifest.xml:58:13-49
	android:name
		ADDED from src\main\AndroidManifest.xml:57:19-52
uses-sdk
INJECTED from src\main\AndroidManifest.xml reason: use-sdk injection requested
INJECTED from src\main\AndroidManifest.xml
INJECTED from src\main\AndroidManifest.xml
MERGED from [com.android.support:multidex:1.0.2] AndroidManifest.xml:20:5-43
MERGED from [com.android.support:multidex:1.0.2] AndroidManifest.xml:20:5-43
MERGED from [com.github.bumptech.glide:glide:4.9.0] AndroidManifest.xml:6:5-8:41
MERGED from [com.github.bumptech.glide:glide:4.9.0] AndroidManifest.xml:6:5-8:41
MERGED from [com.android.support:design:28.0.0] AndroidManifest.xml:20:5-44
MERGED from [com.android.support:design:28.0.0] AndroidManifest.xml:20:5-44
MERGED from [com.google.firebase:firebase-inappmessaging-display:17.1.1] AndroidManifest.xml:7:5-9:41
MERGED from [com.google.firebase:firebase-inappmessaging-display:17.1.1] AndroidManifest.xml:7:5-9:41
MERGED from [com.google.dagger:dagger-android-support:2.13] AndroidManifest.xml:18:3-42
MERGED from [com.google.dagger:dagger-android-support:2.13] AndroidManifest.xml:18:3-42
MERGED from [com.android.support:appcompat-v7:28.0.0] AndroidManifest.xml:20:5-44
MERGED from [com.android.support:appcompat-v7:28.0.0] AndroidManifest.xml:20:5-44
MERGED from [com.android.support:animated-vector-drawable:28.0.0] AndroidManifest.xml:20:5-44
MERGED from [com.android.support:animated-vector-drawable:28.0.0] AndroidManifest.xml:20:5-44
MERGED from [com.google.firebase:firebase-database:16.1.0] AndroidManifest.xml:19:5-21:41
MERGED from [com.google.firebase:firebase-database:16.1.0] AndroidManifest.xml:19:5-21:41
MERGED from [com.google.firebase:firebase-storage:16.0.1] AndroidManifest.xml:5:5-44
MERGED from [com.google.firebase:firebase-storage:16.0.1] AndroidManifest.xml:5:5-44
MERGED from [com.google.firebase:firebase-auth:16.1.0] AndroidManifest.xml:21:5-44
MERGED from [com.google.firebase:firebase-auth:16.1.0] AndroidManifest.xml:21:5-44
MERGED from [com.google.android.gms:play-services-flags:16.0.1] AndroidManifest.xml:20:5-44
MERGED from [com.google.android.gms:play-services-flags:16.0.1] AndroidManifest.xml:20:5-44
MERGED from [com.google.firebase:firebase-auth-interop:16.0.1] AndroidManifest.xml:5:5-44
MERGED from [com.google.firebase:firebase-auth-interop:16.0.1] AndroidManifest.xml:5:5-44
MERGED from [com.google.firebase:firebase-inappmessaging:17.1.1] AndroidManifest.xml:6:5-8:41
MERGED from [com.google.firebase:firebase-inappmessaging:17.1.1] AndroidManifest.xml:6:5-8:41
MERGED from [com.google.android.gms:play-services-clearcut:16.0.0] AndroidManifest.xml:20:5-44
MERGED from [com.google.android.gms:play-services-clearcut:16.0.0] AndroidManifest.xml:20:5-44
MERGED from [com.google.android.gms:play-services-phenotype:16.0.0] AndroidManifest.xml:20:5-44
MERGED from [com.google.android.gms:play-services-phenotype:16.0.0] AndroidManifest.xml:20:5-44
MERGED from [com.google.firebase:firebase-core:16.0.7] AndroidManifest.xml:5:5-44
MERGED from [com.google.firebase:firebase-core:16.0.7] AndroidManifest.xml:5:5-44
MERGED from [com.google.firebase:firebase-measurement-connector-impl:17.0.5] AndroidManifest.xml:20:5-44
MERGED from [com.google.firebase:firebase-measurement-connector-impl:17.0.5] AndroidManifest.xml:20:5-44
MERGED from [com.google.firebase:firebase-analytics:16.3.0] AndroidManifest.xml:20:5-44
MERGED from [com.google.firebase:firebase-analytics:16.3.0] AndroidManifest.xml:20:5-44
MERGED from [com.google.android.gms:play-services-measurement-api:16.3.0] AndroidManifest.xml:20:5-44
MERGED from [com.google.android.gms:play-services-measurement-api:16.3.0] AndroidManifest.xml:20:5-44
MERGED from [com.google.firebase:firebase-analytics-impl:16.3.0] AndroidManifest.xml:20:5-44
MERGED from [com.google.firebase:firebase-analytics-impl:16.3.0] AndroidManifest.xml:20:5-44
MERGED from [com.google.firebase:firebase-iid:17.0.3] AndroidManifest.xml:20:5-44
MERGED from [com.google.firebase:firebase-iid:17.0.3] AndroidManifest.xml:20:5-44
MERGED from [com.google.firebase:firebase-iid-interop:16.0.1] AndroidManifest.xml:5:5-44
MERGED from [com.google.firebase:firebase-iid-interop:16.0.1] AndroidManifest.xml:5:5-44
MERGED from [com.google.android.gms:play-services-base:16.0.1] AndroidManifest.xml:20:5-44
MERGED from [com.google.android.gms:play-services-base:16.0.1] AndroidManifest.xml:20:5-44
MERGED from [com.google.firebase:firebase-common:16.1.0] AndroidManifest.xml:6:5-8:41
MERGED from [com.google.firebase:firebase-common:16.1.0] AndroidManifest.xml:6:5-8:41
MERGED from [com.google.android.gms:play-services-tasks:16.0.1] AndroidManifest.xml:5:5-44
MERGED from [com.google.android.gms:play-services-tasks:16.0.1] AndroidManifest.xml:5:5-44
MERGED from [com.google.firebase:firebase-storage-common:16.0.1] AndroidManifest.xml:5:5-44
MERGED from [com.google.firebase:firebase-storage-common:16.0.1] AndroidManifest.xml:5:5-44
MERGED from [com.google.android.gms:play-services-measurement-base:16.3.0] AndroidManifest.xml:5:5-44
MERGED from [com.google.android.gms:play-services-measurement-base:16.3.0] AndroidManifest.xml:5:5-44
MERGED from [com.google.android.gms:play-services-stats:16.0.1] AndroidManifest.xml:5:5-44
MERGED from [com.google.android.gms:play-services-stats:16.0.1] AndroidManifest.xml:5:5-44
MERGED from [com.google.firebase:firebase-measurement-connector:17.0.1] AndroidManifest.xml:20:5-44
MERGED from [com.google.firebase:firebase-measurement-connector:17.0.1] AndroidManifest.xml:20:5-44
MERGED from [com.google.android.gms:play-services-ads-identifier:16.0.0] AndroidManifest.xml:20:5-44
MERGED from [com.google.android.gms:play-services-ads-identifier:16.0.0] AndroidManifest.xml:20:5-44
MERGED from [com.google.android.gms:play-services-basement:16.1.0] AndroidManifest.xml:20:5-44
MERGED from [com.google.android.gms:play-services-basement:16.1.0] AndroidManifest.xml:20:5-44
MERGED from [com.android.support:support-v4:26.1.0] AndroidManifest.xml:21:5-23:54
MERGED from [com.android.support:support-v4:26.1.0] AndroidManifest.xml:21:5-23:54
MERGED from [com.android.support:support-media-compat:28.0.0] AndroidManifest.xml:20:5-44
MERGED from [com.android.support:support-media-compat:28.0.0] AndroidManifest.xml:20:5-44
MERGED from [com.android.support:support-vector-drawable:28.0.0] AndroidManifest.xml:20:5-44
MERGED from [com.android.support:support-vector-drawable:28.0.0] AndroidManifest.xml:20:5-44
MERGED from [com.android.support:recyclerview-v7:28.0.0] AndroidManifest.xml:20:5-44
MERGED from [com.android.support:recyclerview-v7:28.0.0] AndroidManifest.xml:20:5-44
MERGED from [com.android.support:support-fragment:28.0.0] AndroidManifest.xml:20:5-44
MERGED from [com.android.support:support-fragment:28.0.0] AndroidManifest.xml:20:5-44
MERGED from [com.android.support:customtabs:27.1.1] AndroidManifest.xml:20:5-44
MERGED from [com.android.support:customtabs:27.1.1] AndroidManifest.xml:20:5-44
MERGED from [com.android.support:support-core-ui:28.0.0] AndroidManifest.xml:20:5-44
MERGED from [com.android.support:support-core-ui:28.0.0] AndroidManifest.xml:20:5-44
MERGED from [com.android.support:support-core-utils:28.0.0] AndroidManifest.xml:20:5-44
MERGED from [com.android.support:support-core-utils:28.0.0] AndroidManifest.xml:20:5-44
MERGED from [com.android.support.constraint:constraint-layout:1.1.3] AndroidManifest.xml:5:5-7:41
MERGED from [com.android.support.constraint:constraint-layout:1.1.3] AndroidManifest.xml:5:5-7:41
MERGED from [com.android.support:loader:28.0.0] AndroidManifest.xml:20:5-44
MERGED from [com.android.support:loader:28.0.0] AndroidManifest.xml:20:5-44
MERGED from [com.android.support:transition:28.0.0] AndroidManifest.xml:20:5-44
MERGED from [com.android.support:transition:28.0.0] AndroidManifest.xml:20:5-44
MERGED from [com.android.support:viewpager:28.0.0] AndroidManifest.xml:20:5-44
MERGED from [com.android.support:viewpager:28.0.0] AndroidManifest.xml:20:5-44
MERGED from [com.android.support:coordinatorlayout:28.0.0] AndroidManifest.xml:20:5-44
MERGED from [com.android.support:coordinatorlayout:28.0.0] AndroidManifest.xml:20:5-44
MERGED from [com.android.support:drawerlayout:28.0.0] AndroidManifest.xml:20:5-44
MERGED from [com.android.support:drawerlayout:28.0.0] AndroidManifest.xml:20:5-44
MERGED from [com.android.support:slidingpanelayout:28.0.0] AndroidManifest.xml:20:5-44
MERGED from [com.android.support:slidingpanelayout:28.0.0] AndroidManifest.xml:20:5-44
MERGED from [com.android.support:customview:28.0.0] AndroidManifest.xml:20:5-44
MERGED from [com.android.support:customview:28.0.0] AndroidManifest.xml:20:5-44
MERGED from [com.android.support:swiperefreshlayout:28.0.0] AndroidManifest.xml:20:5-44
MERGED from [com.android.support:swiperefreshlayout:28.0.0] AndroidManifest.xml:20:5-44
MERGED from [com.android.support:asynclayoutinflater:28.0.0] AndroidManifest.xml:20:5-44
MERGED from [com.android.support:asynclayoutinflater:28.0.0] AndroidManifest.xml:20:5-44
MERGED from [com.android.support:support-compat:28.0.0] AndroidManifest.xml:20:5-44
MERGED from [com.android.support:support-compat:28.0.0] AndroidManifest.xml:20:5-44
MERGED from [com.android.support:versionedparcelable:28.0.0] AndroidManifest.xml:20:5-44
MERGED from [com.android.support:versionedparcelable:28.0.0] AndroidManifest.xml:20:5-44
MERGED from [com.github.bumptech.glide:gifdecoder:4.9.0] AndroidManifest.xml:5:5-7:41
MERGED from [com.github.bumptech.glide:gifdecoder:4.9.0] AndroidManifest.xml:5:5-7:41
MERGED from [com.android.support:documentfile:28.0.0] AndroidManifest.xml:20:5-44
MERGED from [com.android.support:documentfile:28.0.0] AndroidManifest.xml:20:5-44
MERGED from [com.android.support:localbroadcastmanager:28.0.0] AndroidManifest.xml:20:5-44
MERGED from [com.android.support:localbroadcastmanager:28.0.0] AndroidManifest.xml:20:5-44
MERGED from [com.android.support:print:28.0.0] AndroidManifest.xml:20:5-44
MERGED from [com.android.support:print:28.0.0] AndroidManifest.xml:20:5-44
MERGED from [com.android.support:cursoradapter:28.0.0] AndroidManifest.xml:20:5-44
MERGED from [com.android.support:cursoradapter:28.0.0] AndroidManifest.xml:20:5-44
MERGED from [com.android.support:cardview-v7:28.0.0] AndroidManifest.xml:20:5-44
MERGED from [com.android.support:cardview-v7:28.0.0] AndroidManifest.xml:20:5-44
MERGED from [com.android.support:interpolator:28.0.0] AndroidManifest.xml:20:5-44
MERGED from [com.android.support:interpolator:28.0.0] AndroidManifest.xml:20:5-44
MERGED from [android.arch.lifecycle:runtime:1.1.1] AndroidManifest.xml:20:5-44
MERGED from [android.arch.lifecycle:runtime:1.1.1] AndroidManifest.xml:20:5-44
MERGED from [android.arch.lifecycle:viewmodel:1.1.1] AndroidManifest.xml:20:5-44
MERGED from [android.arch.lifecycle:viewmodel:1.1.1] AndroidManifest.xml:20:5-44
MERGED from [com.google.dagger:dagger-android:2.13] AndroidManifest.xml:18:3-42
MERGED from [com.google.dagger:dagger-android:2.13] AndroidManifest.xml:18:3-42
MERGED from [android.arch.lifecycle:livedata:1.1.1] AndroidManifest.xml:20:5-44
MERGED from [android.arch.lifecycle:livedata:1.1.1] AndroidManifest.xml:20:5-44
MERGED from [android.arch.lifecycle:livedata-core:1.1.1] AndroidManifest.xml:20:5-44
MERGED from [android.arch.lifecycle:livedata-core:1.1.1] AndroidManifest.xml:20:5-44
MERGED from [android.arch.core:runtime:1.1.1] AndroidManifest.xml:20:5-44
MERGED from [android.arch.core:runtime:1.1.1] AndroidManifest.xml:20:5-44
MERGED from [com.github.stanwood:BottomNavigationViewEx:41e335d] AndroidManifest.xml:7:5-9:41
MERGED from [com.github.stanwood:BottomNavigationViewEx:41e335d] AndroidManifest.xml:7:5-9:41